Wed Apr 15 15:17:15 +0430 2020
Wed Apr 15 15:18:15 +0430 2020
Wed Apr 15 15:19:15 +0430 2020
Wed Apr 15 15:20:16 +0430 2020
Wed Apr 15 15:21:16 +0430 2020
Wed Apr 15 15:26:01 +0430 2020
Wed Apr 15 15:27:01 +0430 2020
Wed Apr 15 15:28:01 +0430 2020
Wed Apr 15 15:29:01 +0430 2020
Wed Apr 15 15:30:01 +0430 2020
Wed Apr 15 15:31:01 +0430 2020
Wed Apr 15 15:32:02 +0430 2020
Wed Apr 15 15:33:02 +0430 2020
Wed Apr 15 15:34:02 +0430 2020
Wed Apr 15 15:35:40 +0430 2020
Wed Apr 15 15:36:40 +0430 2020
Wed Apr 15 15:37:41 +0430 2020
Wed Apr 15 15:38:41 +0430 2020
Wed Apr 15 15:39:41 +0430 2020
Wed Apr 15 15:40:41 +0430 2020
Wed Apr 15 15:41:41 +0430 2020
Wed Apr 15 15:42:41 +0430 2020
Wed Apr 15 15:43:41 +0430 2020
Wed Apr 15 15:44:41 +0430 2020
Wed Apr 15 15:45:42 +0430 2020
Wed Apr 15 15:46:42 +0430 2020
Wed Apr 15 15:47:42 +0430 2020
Wed Apr 15 15:48:42 +0430 2020
Wed Apr 15 15:49:42 +0430 2020
Wed Apr 15 15:50:42 +0430 2020
Wed Apr 15 15:51:42 +0430 2020
Wed Apr 15 15:52:43 +0430 2020
Wed Apr 15 15:53:43 +0430 2020
Wed Apr 15 15:54:43 +0430 2020
Wed Apr 15 15:55:43 +0430 2020
Wed Apr 15 15:56:43 +0430 2020
Wed Apr 15 15:57:43 +0430 2020
Wed Apr 15 15:58:44 +0430 2020
Wed Apr 15 15:59:44 +0430 2020
Wed Apr 15 16:00:44 +0430 2020
Wed Apr 15 16:01:44 +0430 2020
Wed Apr 15 16:08:45 +0430 2020
Wed Apr 15 16:09:45 +0430 2020
Wed Apr 15 16:10:45 +0430 2020
Wed Apr 15 16:11:45 +0430 2020
Wed Apr 15 16:12:45 +0430 2020
Wed Apr 15 16:13:45 +0430 2020
Wed Apr 15 16:14:46 +0430 2020
Wed Apr 15 16:15:46 +0430 2020
Wed Apr 15 16:16:46 +0430 2020
Wed Apr 15 16:17:46 +0430 2020
Wed Apr 15 16:18:46 +0430 2020
Wed Apr 15 16:19:46 +0430 2020
Wed Apr 15 16:20:46 +0430 2020
Wed Apr 15 16:21:47 +0430 2020
Wed Apr 15 16:22:47 +0430 2020
Wed Apr 15 16:23:47 +0430 2020
Wed Apr 15 16:24:47 +0430 2020
Wed Apr 15 16:25:47 +0430 2020
Wed Apr 15 16:26:47 +0430 2020
Wed Apr 15 16:27:47 +0430 2020
Wed Apr 15 16:28:47 +0430 2020
Wed Apr 15 16:29:48 +0430 2020
Wed Apr 15 16:30:48 +0430 2020
Wed Apr 15 16:31:48 +0430 2020
Wed Apr 15 16:32:48 +0430 2020
Wed Apr 15 16:33:48 +0430 2020
Wed Apr 15 16:34:48 +0430 2020
Wed Apr 15 16:35:49 +0430 2020
Wed Apr 15 16:36:49 +0430 2020
Wed Apr 15 16:37:49 +0430 2020
Wed Apr 15 16:38:49 +0430 2020
Wed Apr 15 16:39:49 +0430 2020
Wed Apr 15 16:40:49 +0430 2020
Wed Apr 15 16:41:49 +0430 2020
Wed Apr 15 16:42:50 +0430 2020
Wed Apr 15 16:43:50 +0430 2020
Wed Apr 15 16:44:50 +0430 2020
Wed Apr 15 16:45:50 +0430 2020
Wed Apr 15 16:46:50 +0430 2020
Wed Apr 15 16:47:50 +0430 2020
Wed Apr 15 16:48:50 +0430 2020
Wed Apr 15 16:49:51 +0430 2020
Wed Apr 15 16:50:51 +0430 2020
Wed Apr 15 16:51:51 +0430 2020
Wed Apr 15 16:52:51 +0430 2020
Wed Apr 15 16:53:51 +0430 2020
Wed Apr 15 16:54:51 +0430 2020
Wed Apr 15 16:55:52 +0430 2020
Wed Apr 15 16:56:52 +0430 2020
Wed Apr 15 16:57:52 +0430 2020
Wed Apr 15 16:58:52 +0430 2020
Wed Apr 15 16:59:52 +0430 2020
Wed Apr 15 17:00:52 +0430 2020
Wed Apr 15 17:01:52 +0430 2020
Wed Apr 15 17:02:53 +0430 2020
Wed Apr 15 17:03:53 +0430 2020
Wed Apr 15 17:04:53 +0430 2020
Wed Apr 15 17:05:53 +0430 2020
Wed Apr 15 17:06:53 +0430 2020
Wed Apr 15 17:07:53 +0430 2020
Wed Apr 15 17:08:54 +0430 2020
Wed Apr 15 17:09:54 +0430 2020
Wed Apr 15 17:10:54 +0430 2020
Wed Apr 15 17:11:54 +0430 2020
Wed Apr 15 17:12:54 +0430 2020
Wed Apr 15 17:13:54 +0430 2020
Wed Apr 15 17:14:54 +0430 2020
Wed Apr 15 17:15:54 +0430 2020
Wed Apr 15 17:16:55 +0430 2020
Wed Apr 15 17:17:55 +0430 2020
Wed Apr 15 17:18:55 +0430 2020
Wed Apr 15 17:19:55 +0430 2020
Wed Apr 15 17:20:55 +0430 2020
Wed Apr 15 17:21:55 +0430 2020
Wed Apr 15 17:22:55 +0430 2020
Wed Apr 15 17:23:56 +0430 2020
Wed Apr 15 17:24:56 +0430 2020
Wed Apr 15 17:25:56 +0430 2020
Wed Apr 15 17:26:56 +0430 2020
Wed Apr 15 17:27:56 +0430 2020
Wed Apr 15 17:28:56 +0430 2020
Wed Apr 15 17:29:56 +0430 2020
Wed Apr 15 17:30:56 +0430 2020
Wed Apr 15 17:31:57 +0430 2020
Wed Apr 15 17:32:57 +0430 2020
Wed Apr 15 17:33:57 +0430 2020
Wed Apr 15 17:34:57 +0430 2020
Wed Apr 15 17:35:57 +0430 2020
Wed Apr 15 17:36:57 +0430 2020
Wed Apr 15 17:37:58 +0430 2020
Wed Apr 15 17:38:58 +0430 2020
Wed Apr 15 17:39:58 +0430 2020
Wed Apr 15 17:40:58 +0430 2020
Wed Apr 15 17:41:58 +0430 2020
Wed Apr 15 17:42:58 +0430 2020
Wed Apr 15 17:43:58 +0430 2020
Wed Apr 15 17:44:59 +0430 2020
Wed Apr 15 17:45:59 +0430 2020
Wed Apr 15 17:46:59 +0430 2020
Wed Apr 15 17:47:59 +0430 2020
Wed Apr 15 17:48:59 +0430 2020
Wed Apr 15 17:49:59 +0430 2020
Wed Apr 15 17:50:59 +0430 2020
Wed Apr 15 17:52:00 +0430 2020
Wed Apr 15 17:53:00 +0430 2020
Wed Apr 15 17:54:00 +0430 2020
Wed Apr 15 17:55:00 +0430 2020
Wed Apr 15 17:56:00 +0430 2020
Wed Apr 15 17:57:00 +0430 2020
Wed Apr 15 17:58:00 +0430 2020
Wed Apr 15 17:59:01 +0430 2020
Wed Apr 15 18:00:01 +0430 2020
Wed Apr 15 18:01:01 +0430 2020
Wed Apr 15 18:02:01 +0430 2020
Wed Apr 15 18:03:01 +0430 2020
Wed Apr 15 18:04:01 +0430 2020
Wed Apr 15 18:05:01 +0430 2020
Wed Apr 15 18:06:02 +0430 2020
Wed Apr 15 18:07:02 +0430 2020
Wed Apr 15 18:08:02 +0430 2020
Wed Apr 15 18:09:02 +0430 2020
Wed Apr 15 18:10:02 +0430 2020
Wed Apr 15 18:11:02 +0430 2020
Wed Apr 15 18:12:02 +0430 2020
Wed Apr 15 18:13:03 +0430 2020
Wed Apr 15 18:14:03 +0430 2020
Wed Apr 15 18:15:03 +0430 2020
Wed Apr 15 18:16:03 +0430 2020
Wed Apr 15 18:17:03 +0430 2020
Wed Apr 15 18:18:04 +0430 2020
Wed Apr 15 18:19:04 +0430 2020
Wed Apr 15 18:20:04 +0430 2020
Wed Apr 15 18:21:04 +0430 2020
Wed Apr 15 18:22:04 +0430 2020
Wed Apr 15 18:23:04 +0430 2020
